{"level":"info","message":"GET /api/pdfs/getonepdf/66693a3ef9f127dda4551b9f"}
{"level":"info","message":"GET /api/pdfs/getpdf"}
{"level":"info","message":"GET /api/pdfs/getonepdf/66693a3ef9f127dda4551b9f"}
{"level":"info","message":"GET /api/pdfs/getpdf"}
{"level":"info","message":"GET /uploads/1718172222524Final%20Examination%20Timetable%20-%20Semester%201,%202024_V2%20(Updated%20on%2006.05.2024)%20-%20For%20Students.pdf"}
{"level":"info","message":"GET /api/pdfs/getpdf"}
{"level":"info","message":"GET /api/pdfs/getpdf"}
{"level":"info","message":"GET /api/pdfs/getpdf"}
{"level":"info","message":"GET /api/pdfs/getpdf"}
{"level":"info","message":"GET /api/pdfs/getpdf"}
{"level":"info","message":"GET /api/pdfs/getpdf"}
{"level":"info","message":"GET /api/pdfs/getpdf"}
{"level":"info","message":"GET /api/pdfs/getpdf"}
{"level":"info","message":"GET /api/pdfs/getonepdf/666966fdf9f127dda4551bcb"}
{"level":"info","message":"GET /api/pdfs/getonepdf/666966fdf9f127dda4551bcb"}
{"level":"info","message":"GET /uploads/1718183677708Senanayake%201.pdf"}
{"level":"info","message":"POST /api/users/login"}
{"level":"info","message":"GET /api/pdfs/getpdf"}
{"level":"info","message":"GET /api/pdfs/getpdf"}
{"level":"info","message":"GET /api/pdfs/getpdf"}
{"level":"info","message":"GET /api/pdfs/getpdf"}
{"level":"info","message":"GET /api/pdfs/getonepdf/666b22c1ca53092a8207f1f4"}
{"level":"info","message":"GET /api/pdfs/getonepdf/666b22c1ca53092a8207f1f4"}
{"level":"info","message":"GET /uploads/1718297281065BavanthaSenanayakeResumeORg.pdf"}
{"level":"info","message":"POST /api/pdfs/upload12"}
{"level":"info","message":"GET /api/pdfs/getpdf"}
{"level":"info","message":"GET /api/pdfs/getonepdf/666b3cb02e1984b4da724eff"}
{"level":"info","message":"GET /api/pdfs/getonepdf/666b3cb02e1984b4da724eff"}
{"level":"info","message":"GET /uploads/1718303920870Bavantha%20Senanayake.pdf"}
